# JRE version: Java(TM) SE Runtime Environment (8.0_25-b18) (build 1.8.0_25-b18)
# Java VM: Java HotSpot(TM) 64-Bit Server VM (25.25-b02 mixed mode windows-amd64 compressed oops)
Heap:
 PSYoungGen      total 115712K, used 43624K [0x00000000eab00000, 0x00000000f7d80000, 0x0000000100000000)
  eden space 105472K, 41% used [0x00000000eab00000,0x00000000ed59a180,0x00000000f1200000)
  from space 10240K, 0% used [0x00000000f1200000,0x00000000f1200000,0x00000000f1c00000)
  to   space 13312K, 0% used [0x00000000f7080000,0x00000000f7080000,0x00000000f7d80000)
 ParOldGen       total 60928K, used 20609K [0x00000000c0000000, 0x00000000c3b80000, 0x00000000eab00000)
  object space 60928K, 33% used [0x00000000c0000000,0x00000000c1420478,0x00000000c3b80000)
 Metaspace       used 36103K, capacity 36814K, committed 36904K, reserved 1081344K
  class space    used 4895K, capacity 5124K, committed 5160K, reserved 1048576K
GC Heap History (10 events):
Event: 8.578 GC heap before
{Heap before GC invocations=5 (full 1):
 PSYoungGen      total 71680K, used 5100K [0x00000000eab00000, 0x00000000ef600000, 0x0000000100000000)
  eden space 66560K, 0% used [0x00000000eab00000,0x00000000eab00000,0x00000000eec00000)
  from space 5120K, 99% used [0x00000000ef100000,0x00000000ef5fb0e0,0x00000000ef600000)
  to   space 5120K, 0% used [0x00000000eec00000,0x00000000eec00000,0x00000000ef100000)
 ParOldGen       total 87552K, used 8689K [0x00000000c0000000, 0x00000000c5580000, 0x00000000eab00000)
  object space 87552K, 9% used [0x00000000c0000000,0x00000000c087c6f0,0x00000000c5580000)
 Metaspace       used 20957K, capacity 21226K, committed 21296K, reserved 1067008K
  class space    used 2769K, capacity 2843K, committed 2864K, reserved 1048576K
Event: 9.076 GC heap after
Heap after GC invocations=5 (full 1):
 PSYoungGen      total 71680K, used 0K [0x00000000eab00000, 0x00000000ef600000, 0x0000000100000000)
  eden space 66560K, 0% used [0x00000000eab00000,0x00000000eab00000,0x00000000eec00000)
  from space 5120K, 0% used [0x00000000ef100000,0x00000000ef100000,0x00000000ef600000)
  to   space 5120K, 0% used [0x00000000eec00000,0x00000000eec00000,0x00000000ef100000)
 ParOldGen       total 60928K, used 11215K [0x00000000c0000000, 0x00000000c3b80000, 0x00000000eab00000)
  object space 60928K, 18% used [0x00000000c0000000,0x00000000c0af3d00,0x00000000c3b80000)
 Metaspace       used 20937K, capacity 21202K, committed 21296K, reserved 1067008K
  class space    used 2762K, capacity 2836K, committed 2864K, reserved 1048576K
}
Event: 12.212 GC heap before
{Heap before GC invocations=6 (full 1):
 PSYoungGen      total 71680K, used 66560K [0x00000000eab00000, 0x00000000ef600000, 0x0000000100000000)
  eden space 66560K, 100% used [0x00000000eab00000,0x00000000eec00000,0x00000000eec00000)
  from space 5120K, 0% used [0x00000000ef100000,0x00000000ef100000,0x00000000ef600000)
  to   space 5120K, 0% used [0x00000000eec00000,0x00000000eec00000,0x00000000ef100000)
 ParOldGen       total 60928K, used 11215K [0x00000000c0000000, 0x00000000c3b80000, 0x00000000eab00000)
  object space 60928K, 18% used [0x00000000c0000000,0x00000000c0af3d00,0x00000000c3b80000)
 Metaspace       used 25675K, capacity 26110K, committed 26416K, reserved 1073152K
  class space    used 3453K, capacity 3568K, committed 3632K, reserved 1048576K
Event: 12.264 GC heap after
Heap after GC invocations=6 (full 1):
 PSYoungGen      total 71680K, used 5119K [0x00000000eab00000, 0x00000000f2700000, 0x0000000100000000)
  eden space 66560K, 0% used [0x00000000eab00000,0x00000000eab00000,0x00000000eec00000)
  from space 5120K, 99% used [0x00000000eec00000,0x00000000ef0ffd40,0x00000000ef100000)
  to   space 9728K, 0% used [0x00000000f1d80000,0x00000000f1d80000,0x00000000f2700000)
 ParOldGen       total 60928K, used 13425K [0x00000000c0000000, 0x00000000c3b80000, 0x00000000eab00000)
  object space 60928K, 22% used [0x00000000c0000000,0x00000000c0d1c4a0,0x00000000c3b80000)
 Metaspace       used 25675K, capacity 26110K, committed 26416K, reserved 1073152K
  class space    used 3453K, capacity 3568K, committed 3632K, reserved 1048576K
}
Event: 14.822 GC heap before
{Heap before GC invocations=7 (full 1):
 PSYoungGen      total 71680K, used 71679K [0x00000000eab00000, 0x00000000f2700000, 0x0000000100000000)
  eden space 66560K, 100% used [0x00000000eab00000,0x00000000eec00000,0x00000000eec00000)
  from space 5120K, 99% used [0x00000000eec00000,0x00000000ef0ffd40,0x00000000ef100000)
  to   space 9728K, 0% used [0x00000000f1d80000,0x00000000f1d80000,0x00000000f2700000)
 ParOldGen       total 60928K, used 13425K [0x00000000c0000000, 0x00000000c3b80000, 0x00000000eab00000)
  object space 60928K, 22% used [0x00000000c0000000,0x00000000c0d1c4a0,0x00000000c3b80000)
 Metaspace       used 30343K, capacity 30792K, committed 31024K, reserved 1077248K
  class space    used 4009K, capacity 4102K, committed 4144K, reserved 1048576K
Event: 14.946 GC heap after
Heap after GC invocations=7 (full 1):
 PSYoungGen      total 114176K, used 8677K [0x00000000eab00000, 0x00000000f2600000, 0x0000000100000000)
  eden space 105472K, 0% used [0x00000000eab00000,0x00000000eab00000,0x00000000f1200000)
  from space 8704K, 99% used [0x00000000f1d80000,0x00000000f25f9728,0x00000000f2600000)
  to   space 10240K, 0% used [0x00000000f1200000,0x00000000f1200000,0x00000000f1c00000)
 ParOldGen       total 60928K, used 13497K [0x00000000c0000000, 0x00000000c3b80000, 0x00000000eab00000)
  object space 60928K, 22% used [0x00000000c0000000,0x00000000c0d2e4b0,0x00000000c3b80000)
 Metaspace       used 30343K, capacity 30792K, committed 31024K, reserved 1077248K
  class space    used 4009K, capacity 4102K, committed 4144K, reserved 1048576K
}
Event: 16.492 GC heap before
{Heap before GC invocations=8 (full 1):
 PSYoungGen      total 114176K, used 78197K [0x00000000eab00000, 0x00000000f2600000, 0x0000000100000000)
  eden space 105472K, 65% used [0x00000000eab00000,0x00000000eeee4048,0x00000000f1200000)
  from space 8704K, 99% used [0x00000000f1d80000,0x00000000f25f9728,0x00000000f2600000)
  to   space 10240K, 0% used [0x00000000f1200000,0x00000000f1200000,0x00000000f1c00000)
 ParOldGen       total 60928K, used 13497K [0x00000000c0000000, 0x00000000c3b80000, 0x00000000eab00000)
  object space 60928K, 22% used [0x00000000c0000000,0x00000000c0d2e4b0,0x00000000c3b80000)
 Metaspace       used 34724K, capacity 35332K, committed 35496K, reserved 1079296K
  class space    used 4693K, capacity 4929K, committed 5032K, reserved 1048576K
Event: 18.909 GC heap after
Heap after GC invocations=8 (full 1):
 PSYoungGen      total 115712K, used 10208K [0x00000000eab00000, 0x00000000f7d80000, 0x0000000100000000)
  eden space 105472K, 0% used [0x00000000eab00000,0x00000000eab00000,0x00000000f1200000)
  from space 10240K, 99% used [0x00000000f1200000,0x00000000f1bf8020,0x00000000f1c00000)
  to   space 13312K, 0% used [0x00000000f7080000,0x00000000f7080000,0x00000000f7d80000)
 ParOldGen       total 60928K, used 17232K [0x00000000c0000000, 0x00000000c3b80000, 0x00000000eab00000)
  object space 60928K, 28% used [0x00000000c0000000,0x00000000c10d4208,0x00000000c3b80000)
 Metaspace       used 34724K, capacity 35332K, committed 35496K, reserved 1079296K
  class space    used 4693K, capacity 4929K, committed 5032K, reserved 1048576K
}
Event: 18.909 GC heap before
{Heap before GC invocations=9 (full 2):
 PSYoungGen      total 115712K, used 10208K [0x00000000eab00000, 0x00000000f7d80000, 0x0000000100000000)
  eden space 105472K, 0% used [0x00000000eab00000,0x00000000eab00000,0x00000000f1200000)
  from space 10240K, 99% used [0x00000000f1200000,0x00000000f1bf8020,0x00000000f1c00000)
  to   space 13312K, 0% used [0x00000000f7080000,0x00000000f7080000,0x00000000f7d80000)
 ParOldGen       total 60928K, used 17232K [0x00000000c0000000, 0x00000000c3b80000, 0x00000000eab00000)
  object space 60928K, 28% used [0x00000000c0000000,0x00000000c10d4208,0x00000000c3b80000)
 Metaspace       used 34724K, capacity 35332K, committed 35496K, reserved 1079296K
  class space    used 4693K, capacity 4929K, committed 5032K, reserved 1048576K
Event: 21.063 GC heap after
Heap after GC invocations=9 (full 2):
 PSYoungGen      total 115712K, used 0K [0x00000000eab00000, 0x00000000f7d80000, 0x0000000100000000)
  eden space 105472K, 0% used [0x00000000eab00000,0x00000000eab00000,0x00000000f1200000)
  from space 10240K, 0% used [0x00000000f1200000,0x00000000f1200000,0x00000000f1c00000)
  to   space 13312K, 0% used [0x00000000f7080000,0x00000000f7080000,0x00000000f7d80000)
 ParOldGen       total 60928K, used 20609K [0x00000000c0000000, 0x00000000c3b80000, 0x00000000eab00000)
  object space 60928K, 33% used [0x00000000c0000000,0x00000000c1420478,0x00000000c3b80000)
 Metaspace       used 34724K, capacity 35332K, committed 35496K, reserved 1079296K
  class space    used 4693K, capacity 4929K, committed 5032K, reserved 1048576K
}

