# JRE version: Java(TM) SE Runtime Environment (8.0_25-b18) (build 1.8.0_25-b18)
# Java VM: Java HotSpot(TM) 64-Bit Server VM (25.25-b02 mixed mode windows-amd64 compressed oops)
Heap:
 PSYoungGen      total 69120K, used 8164K [0x00000000eab00000, 0x00000000efa80000, 0x0000000100000000)
  eden space 60928K, 0% used [0x00000000eab00000,0x00000000eab00000,0x00000000ee680000)
  from space 8192K, 99% used [0x00000000ef280000,0x00000000efa79040,0x00000000efa80000)
  to   space 10240K, 0% used [0x00000000ee680000,0x00000000ee680000,0x00000000ef080000)
 ParOldGen       total 55296K, used 12143K [0x00000000c0000000, 0x00000000c3600000, 0x00000000eab00000)
  object space 55296K, 21% used [0x00000000c0000000,0x00000000c0bdbf48,0x00000000c3600000)
 Metaspace       used 34104K, capacity 34716K, committed 34992K, reserved 1079296K
  class space    used 4606K, capacity 4771K, committed 4784K, reserved 1048576K
GC Heap History (10 events):
Event: 8.507 GC heap before
{Heap before GC invocations=4 (full 0):
 PSYoungGen      total 38400K, used 24756K [0x00000000eab00000, 0x00000000ed580000, 0x0000000100000000)
  eden space 33280K, 59% used [0x00000000eab00000,0x00000000ebe2e208,0x00000000ecb80000)
  from space 5120K, 99% used [0x00000000ecb80000,0x00000000ed07f0f0,0x00000000ed080000)
  to   space 5120K, 0% used [0x00000000ed080000,0x00000000ed080000,0x00000000ed580000)
 ParOldGen       total 87552K, used 6756K [0x00000000c0000000, 0x00000000c5580000, 0x00000000eab00000)
  object space 87552K, 7% used [0x00000000c0000000,0x00000000c0699280,0x00000000c5580000)
 Metaspace       used 20983K, capacity 21226K, committed 21296K, reserved 1067008K
  class space    used 2775K, capacity 2843K, committed 2864K, reserved 1048576K
Event: 8.557 GC heap after
Heap after GC invocations=4 (full 0):
 PSYoungGen      total 38400K, used 5100K [0x00000000eab00000, 0x00000000ef600000, 0x0000000100000000)
  eden space 33280K, 0% used [0x00000000eab00000,0x00000000eab00000,0x00000000ecb80000)
  from space 5120K, 99% used [0x00000000ed080000,0x00000000ed57b0e0,0x00000000ed580000)
  to   space 5120K, 0% used [0x00000000ecb80000,0x00000000ecb80000,0x00000000ed080000)
 ParOldGen       total 87552K, used 8654K [0x00000000c0000000, 0x00000000c5580000, 0x00000000eab00000)
  object space 87552K, 9% used [0x00000000c0000000,0x00000000c08739d8,0x00000000c5580000)
 Metaspace       used 20983K, capacity 21226K, committed 21296K, reserved 1067008K
  class space    used 2775K, capacity 2843K, committed 2864K, reserved 1048576K
}
Event: 8.557 GC heap before
{Heap before GC invocations=5 (full 1):
 PSYoungGen      total 38400K, used 5100K [0x00000000eab00000, 0x00000000ef600000, 0x0000000100000000)
  eden space 33280K, 0% used [0x00000000eab00000,0x00000000eab00000,0x00000000ecb80000)
  from space 5120K, 99% used [0x00000000ed080000,0x00000000ed57b0e0,0x00000000ed580000)
  to   space 5120K, 0% used [0x00000000ecb80000,0x00000000ecb80000,0x00000000ed080000)
 ParOldGen       total 87552K, used 8654K [0x00000000c0000000, 0x00000000c5580000, 0x00000000eab00000)
  object space 87552K, 9% used [0x00000000c0000000,0x00000000c08739d8,0x00000000c5580000)
 Metaspace       used 20983K, capacity 21226K, committed 21296K, reserved 1067008K
  class space    used 2775K, capacity 2843K, committed 2864K, reserved 1048576K
Event: 8.657 GC heap after
Heap after GC invocations=5 (full 1):
 PSYoungGen      total 38400K, used 0K [0x00000000eab00000, 0x00000000ef600000, 0x0000000100000000)
  eden space 33280K, 0% used [0x00000000eab00000,0x00000000eab00000,0x00000000ecb80000)
  from space 5120K, 0% used [0x00000000ed080000,0x00000000ed080000,0x00000000ed580000)
  to   space 5120K, 0% used [0x00000000ecb80000,0x00000000ecb80000,0x00000000ed080000)
 ParOldGen       total 55296K, used 7948K [0x00000000c0000000, 0x00000000c3600000, 0x00000000eab00000)
  object space 55296K, 14% used [0x00000000c0000000,0x00000000c07c3328,0x00000000c3600000)
 Metaspace       used 20963K, capacity 21202K, committed 21296K, reserved 1067008K
  class space    used 2768K, capacity 2836K, committed 2864K, reserved 1048576K
}
Event: 10.685 GC heap before
{Heap before GC invocations=6 (full 1):
 PSYoungGen      total 38400K, used 33280K [0x00000000eab00000, 0x00000000ef600000, 0x0000000100000000)
  eden space 33280K, 100% used [0x00000000eab00000,0x00000000ecb80000,0x00000000ecb80000)
  from space 5120K, 0% used [0x00000000ed080000,0x00000000ed080000,0x00000000ed580000)
  to   space 5120K, 0% used [0x00000000ecb80000,0x00000000ecb80000,0x00000000ed080000)
 ParOldGen       total 55296K, used 7948K [0x00000000c0000000, 0x00000000c3600000, 0x00000000eab00000)
  object space 55296K, 14% used [0x00000000c0000000,0x00000000c07c3328,0x00000000c3600000)
 Metaspace       used 23477K, capacity 23876K, committed 23984K, reserved 1071104K
  class space    used 3066K, capacity 3168K, committed 3248K, reserved 1048576K
Event: 11.185 GC heap after
Heap after GC invocations=6 (full 1):
 PSYoungGen      total 38400K, used 4019K [0x00000000eab00000, 0x00000000efd00000, 0x0000000100000000)
  eden space 33280K, 0% used [0x00000000eab00000,0x00000000eab00000,0x00000000ecb80000)
  from space 5120K, 78% used [0x00000000ecb80000,0x00000000ecf6cf10,0x00000000ed080000)
  to   space 10752K, 0% used [0x00000000ef280000,0x00000000ef280000,0x00000000efd00000)
 ParOldGen       total 55296K, used 7948K [0x00000000c0000000, 0x00000000c3600000, 0x00000000eab00000)
  object space 55296K, 14% used [0x00000000c0000000,0x00000000c07c3328,0x00000000c3600000)
 Metaspace       used 23477K, capacity 23876K, committed 23984K, reserved 1071104K
  class space    used 3066K, capacity 3168K, committed 3248K, reserved 1048576K
}
Event: 12.292 GC heap before
{Heap before GC invocations=7 (full 1):
 PSYoungGen      total 38400K, used 37299K [0x00000000eab00000, 0x00000000efd00000, 0x0000000100000000)
  eden space 33280K, 100% used [0x00000000eab00000,0x00000000ecb80000,0x00000000ecb80000)
  from space 5120K, 78% used [0x00000000ecb80000,0x00000000ecf6cf10,0x00000000ed080000)
  to   space 10752K, 0% used [0x00000000ef280000,0x00000000ef280000,0x00000000efd00000)
 ParOldGen       total 55296K, used 7948K [0x00000000c0000000, 0x00000000c3600000, 0x00000000eab00000)
  object space 55296K, 14% used [0x00000000c0000000,0x00000000c07c3328,0x00000000c3600000)
 Metaspace       used 25691K, capacity 26110K, committed 26416K, reserved 1073152K
  class space    used 3453K, capacity 3568K, committed 3632K, reserved 1048576K
Event: 12.297 GC heap after
Heap after GC invocations=7 (full 1):
 PSYoungGen      total 69120K, used 5722K [0x00000000eab00000, 0x00000000efa80000, 0x0000000100000000)
  eden space 60928K, 0% used [0x00000000eab00000,0x00000000eab00000,0x00000000ee680000)
  from space 8192K, 69% used [0x00000000ef280000,0x00000000ef816b50,0x00000000efa80000)
  to   space 10240K, 0% used [0x00000000ee680000,0x00000000ee680000,0x00000000ef080000)
 ParOldGen       total 55296K, used 7956K [0x00000000c0000000, 0x00000000c3600000, 0x00000000eab00000)
  object space 55296K, 14% used [0x00000000c0000000,0x00000000c07c5328,0x00000000c3600000)
 Metaspace       used 25691K, capacity 26110K, committed 26416K, reserved 1073152K
  class space    used 3453K, capacity 3568K, committed 3632K, reserved 1048576K
}
Event: 18.717 GC heap before
{Heap before GC invocations=8 (full 1):
 PSYoungGen      total 69120K, used 66650K [0x00000000eab00000, 0x00000000efa80000, 0x0000000100000000)
  eden space 60928K, 100% used [0x00000000eab00000,0x00000000ee680000,0x00000000ee680000)
  from space 8192K, 69% used [0x00000000ef280000,0x00000000ef816b50,0x00000000efa80000)
  to   space 10240K, 0% used [0x00000000ee680000,0x00000000ee680000,0x00000000ef080000)
 ParOldGen       total 55296K, used 7956K [0x00000000c0000000, 0x00000000c3600000, 0x00000000eab00000)
  object space 55296K, 14% used [0x00000000c0000000,0x00000000c07c5328,0x00000000c3600000)
 Metaspace       used 29704K, capacity 30068K, committed 30256K, reserved 1075200K
  class space    used 3945K, capacity 4030K, committed 4144K, reserved 1048576K
Event: 20.612 GC heap after
Heap after GC invocations=8 (full 1):
 PSYoungGen      total 71168K, used 7628K [0x00000000eab00000, 0x00000000efa80000, 0x0000000100000000)
  eden space 60928K, 0% used [0x00000000eab00000,0x00000000eab00000,0x00000000ee680000)
  from space 10240K, 74% used [0x00000000ee680000,0x00000000eedf3140,0x00000000ef080000)
  to   space 8192K, 0% used [0x00000000ef280000,0x00000000ef280000,0x00000000efa80000)
 ParOldGen       total 55296K, used 8028K [0x00000000c0000000, 0x00000000c3600000, 0x00000000eab00000)
  object space 55296K, 14% used [0x00000000c0000000,0x00000000c07d7338,0x00000000c3600000)
 Metaspace       used 29704K, capacity 30068K, committed 30256K, reserved 1075200K
  class space    used 3945K, capacity 4030K, committed 4144K, reserved 1048576K
}

